<?xml version="1.0" encoding="UTF-8"?>
<!-- Generated by org.testng.reporters.JUnitReportReporter -->
<testsuite hostname="DESKTOP-QR0VDMM" failures="0" tests="2" name="sampleTests.OrganizationTest" time="0.015" errors="0" timestamp="2022-11-24T09:05:32 IST" skipped="0">
  <testcase classname="sampleTests.OrganizationTest" name="orgTest" time="0.012"/>
  <system-out/>
  <testcase classname="sampleTests.OrganizationTest" name="organizationTest" time="0.003"/>
  <system-out/>
</testsuite> <!-- sampleTests.OrganizationTest -->
