<?xml version="1.0" encoding="UTF-8"?>
<!-- Generated by org.testng.reporters.JUnitReportReporter -->
<testsuite hostname="DESKTOP-QR0VDMM" failures="0" tests="1" name="sampleTests.OrganizationTest" time="0.028" errors="0" timestamp="2022-11-24T08:40:34 IST" skipped="0">
  <testcase classname="sampleTests.OrganizationTest" name="organizationTest" time="0.028"/>
  <system-out/>
</testsuite> <!-- sampleTests.OrganizationTest -->
