<?xml version="1.0" encoding="UTF-8"?>
<!-- Generated by org.testng.reporters.JUnitReportReporter -->
<testsuite hostname="DESKTOP-QR0VDMM" failures="0" tests="1" name="fullpractise.Practise1" time="76.017" errors="0" timestamp="2022-12-02T18:36:15 IST" skipped="0">
  <testcase classname="fullpractise.Practise1" name="practise" time="76.017"/>
  <system-out/>
</testsuite> <!-- fullpractise.Practise1 -->
